2026-04-22 13:57:34,969 - INFO - {'cfg': 'configs/PromptHSICD/china.yaml',
 'data': {'name': 'china farmland',
          'patch_size': 5,
          'root': 'data',
          'split': 'stratify',
          'text': 'text.txt',
          'train_ratio': 0.01},
 'device': 'cuda:0',
 'exp_name': 'PromptHSICD_china',
 'loss': {'alpha': 0.25,
          'gamma': 2,
          'name': 'FocalLoss',
          'reduction': 'mean',
          'star': False},
 'model': {'image_size': 5,
           'in_channels': 154,
           'k': 15,
           'name': 'PromptHSICD',
           'patch_size': 1},
 'model_name': 'PromptHSICD',
 'once': False,
 'optim': {'lr': 0.0001, 'name': 'Adam'},
 'output_path': 'E:\\program\\PromptHSI-CD\\outputs\\PromptHSICD_china',
 'proj_root': 'E:\\program\\PromptHSI-CD',
 'resume': None,
 'sched': {'T_max': 100, 'name': 'CosineAnnealingLR'},
 'seed': 1,
 'test': {'batch_size': 1000, 'ckpt': 'best_val.pth', 'log_iter': 0},
 'test_model': False,
 'train': {'batch_size': 64,
           'epochs': 100,
           'log_iter': 0,
           'save_epoch': 100,
           'val_epoch': 1,
           'val_start': 1},
 'train_model': True,
 'val': {'batch_size': 1000, 'log_iter': 0},
 'val_model': False}
2026-04-22 13:57:34,975 - INFO - Start Data load...
2026-04-22 13:58:55,416 - INFO - {'cfg': 'configs/PromptHSICD/china.yaml',
 'data': {'name': 'china farmland',
          'patch_size': 5,
          'root': 'data',
          'split': 'stratify',
          'text': 'text.txt',
          'train_ratio': 0.01},
 'device': 'cuda:0',
 'exp_name': 'PromptHSICD_china',
 'loss': {'alpha': 0.25,
          'gamma': 2,
          'name': 'FocalLoss',
          'reduction': 'mean',
          'star': False},
 'model': {'image_size': 5,
           'in_channels': 154,
           'k': 15,
           'name': 'PromptHSICD',
           'patch_size': 1},
 'model_name': 'PromptHSICD',
 'once': False,
 'optim': {'lr': 0.0001, 'name': 'Adam'},
 'output_path': 'E:\\program\\PromptHSI-CD\\outputs\\PromptHSICD_china',
 'proj_root': 'E:\\program\\PromptHSI-CD',
 'resume': None,
 'sched': {'T_max': 100, 'name': 'CosineAnnealingLR'},
 'seed': 1,
 'test': {'batch_size': 1000, 'ckpt': 'best_val.pth', 'log_iter': 0},
 'test_model': False,
 'train': {'batch_size': 64,
           'epochs': 100,
           'log_iter': 0,
           'save_epoch': 100,
           'val_epoch': 1,
           'val_start': 1},
 'train_model': True,
 'val': {'batch_size': 1000, 'log_iter': 0},
 'val_model': False}
2026-04-22 13:58:55,419 - INFO - Start Data load...
2026-04-22 13:58:55,676 - INFO - t1 neg num: 20885, t2 neg num: 9337
2026-04-22 13:58:55,920 - INFO - All sample 58800, train sample 587, val sample 58213, test sample 58800
2026-04-22 13:58:55,920 - INFO - Data load complete.
